{
  "RSpec": {
    "coverage": {
      "/Users/michael_wong/Turing/Module3 Repeating/rails_engine_2/app/controllers/api/v1/customers_controller.rb": [
        1,
        1,
        1,
        null,
        null,
        1,
        1,
        null,
        null
      ],
      "/Users/michael_wong/Turing/Module3 Repeating/rails_engine_2/app/controllers/application_controller.rb": [
        1,
        null,
        1,
        1,
        null,
        1,
        1,
        null
      ],
      "/Users/michael_wong/Turing/Module3 Repeating/rails_engine_2/lib/application_responder.rb": [
        1,
        1,
        1,
        null,
        null,
        null,
        null,
        null
      ],
      "/Users/michael_wong/Turing/Module3 Repeating/rails_engine_2/app/controllers/api/v1/invoice_items_controller.rb": [
        1,
        null
      ],
      "/Users/michael_wong/Turing/Module3 Repeating/rails_engine_2/app/controllers/api/v1/invoices_controller.rb": [
        1,
        null
      ],
      "/Users/michael_wong/Turing/Module3 Repeating/rails_engine_2/app/controllers/api/v1/items_controller.rb": [
        1,
        null
      ],
      "/Users/michael_wong/Turing/Module3 Repeating/rails_engine_2/app/controllers/api/v1/merchants_controller.rb": [
        1,
        null
      ],
      "/Users/michael_wong/Turing/Module3 Repeating/rails_engine_2/app/controllers/api/v1/transactions_controller.rb": [
        1,
        null
      ],
      "/Users/michael_wong/Turing/Module3 Repeating/rails_engine_2/app/models/customer.rb": [
        1,
        null
      ],
      "/Users/michael_wong/Turing/Module3 Repeating/rails_engine_2/app/models/invoice_item.rb": [
        1,
        null
      ],
      "/Users/michael_wong/Turing/Module3 Repeating/rails_engine_2/app/models/invoice.rb": [
        1,
        null
      ],
      "/Users/michael_wong/Turing/Module3 Repeating/rails_engine_2/app/models/item.rb": [
        1,
        null
      ],
      "/Users/michael_wong/Turing/Module3 Repeating/rails_engine_2/app/models/merchant.rb": [
        1,
        null
      ],
      "/Users/michael_wong/Turing/Module3 Repeating/rails_engine_2/app/models/transaction.rb": [
        1,
        null
      ]
    },
    "timestamp": 1451970815
  }
}
